414
387
379
405
396
422
414
387
395
405
396
379
422
426
383
197
438
439
471
442
457
456
470
443
476
435
458
477
478
479
491
487
492
488
496
495
499
490
498
497
493
501
509
505
500
503
504
489
515
514
517
516
510
513
512
518
511
521
519
528
527
529
520
524
522
523
525
531
536
535
534
532
533
537
530
538
542
540
541
539
555
545
553
556
557
552
543
544
564
565
548
561
549
559
570
567
560
568
573
571
574
566
575
576
569
577
586
585
584
578
580
589
587
588
581
579
572
591
590
597
594
592
596
595
593
601
599
600
598
606
602
607
608
609
604
612
603
605
614
616
611
615
617
613
623
624
625
620
619
632
631
629
621
633
638
627
635
626
634
639
641
637
636
640
642
643
644
647
648
649
645
656
650
651
658
652
657
660
659
653
661
663
667
671
664
628
665
670
669
673
668
672
662
679
675
680
681
684
676
688
683
687
674
685
689
693
691
677
692
700
699
701
695
697
694
702
696
706
709
712
703
711
708
707
704
713
719
720
705
722
723
721
724
725
728
729
714
716
727
717
715
731
734
732
738
730
736
735
733
739
737
742
743
745
744
752
751
741
747
753
746
749
740
757
748
761
759
760
754
763
764
765
768
769
755
770
771
772
775
778
780
774
777
776
773
779
781
789
787
756
788
784
782
783
794
795
796
797
785
792
799
798
800
791
801
806
790
807
808
809
805
803
804
793
812
810
813
816
815
811
822
817
819
823
824
825
814
826
820
818
830
829
821
827
831
828
835
832
838
833
840
836
839
834
841
837
843
845
844
846
849
854
848
847
850
851
852
855
857
853
862
860
859
858
863
856
864
865
871
861
870
867
868
872
876
875
874
879
877
883
885
869
873
886
887
888
884
880
881
889
892
896
895
897
900
898
901
899
893
904
902
905
903
911
913
912
907
908
906
919
915
918
917
909
916
920
928
927
929
921
931
932
930
924
933
923
922
934
936
937
944
925
940
945
935
938
948
939
941
947
946
950
949
951
956
954
957
952
953
958
955
960
959
961
962
964
963
967
968
965
969
970
973
971
972
966
974
977
975
979
980
978
983
976
982
981
985
986
984
987
988
990
989
991
994
996
992
997
995
1001
998
999
1002
1004
993
1000
1005
1003
1006
1007
1010
1011
1013
1012
1008
1009
1015
1016
1014
1017
1019
1020
1026
1018
1021
1028
1024
1029
1027
1022
1025
1023
1030
1031
1032
1038
1036
1040
1041
1039
1034
1035
1033
1042
1043
1044
1037
1045
1046
1049
1047
1048
1051
1053
1050
1052
1059
1058
1061
1060
1057
1056
1063
1062
1067
1066
1054
1068
1055
1064
1070
1073
1072
1071
1069
1065
1089
1076
1127
1128
1129
1121
1120
1131
1132
1077
1103
1133
1130
1139
1140
1138
1137
1125
1135
1141
1142
1144
1143
1147
1145
1146
1149
1134
1148
1136
1150
1153
1152
1151
1155
1158
1154
1160
1157
1156
1159
1161
1168
1167
1169
1165
1166
1164
1172
1170
1163
1171
1162
1174
1175
1173
1177
1182
1176
1183
1184
1178
1179
1181
1180
1188
1186
1189
1185
1190
1191
1187
1198
1194
1196
1195
1197
1203
1199
1202
1205
1192
1200
1193
1201
1204
1207
1212
1211
1213
1209
1210
1214
1206
1215
1218
1216
1219
1217
1220
1221
1208
1222
1223
1230
1224
1228
1232
1231
1225
1229
1236
1235
1226
1227
1234
1233
1237
1238
1239
1240
1242
1241
1244
1246
1250
1243
1252
1249
1251
1254
1253
1248
1247
1245
1259
1258
1261
1260
1257
1262
1263
1255
1264
1256
1268
1269
1265
1266
1267
1275
1274
1276
1271
1277
1273
1272
1279
1278
1280
1281
1270
1285
1282
1284
1288
1291
1283
1293
1290
1294
1287
1292
1298
1299
1300
1297
1301
1286
1296
1289
1295
1304
1303
1305
1302
1313
1306
1310
1314
1311
1316
1315
1312
1309
1317
1308
1321
1318
1319
1322
1325
1320
1324
1323
1331
1330
1332
1307
1326
1335
1333
1338
1340
1337
1334
1339
1336
1341
1329
1328
1342
1343
1344
1345
1327
1350
1351
1352
1346
1353
1356
1355
1354
1347
1348
1357
1358
1361
1360
1362
1359
1365
1363
1364
1349
1370
1371
1367
1372
1373
1375
1368
1374
1366
1369
1378
1382
1376
1379
1377
1381
1383
1380
1388
1385
1384
1387
1386
1389
1390
1394
1391
1396
1397
1395
1392
1393
1403
1404
1399
1405
1400
1406
1401
1407
1398
1402
1408
1409
1410
1411
1414
1416
1413
1420
1415
1412
1417
1421
1419
1418
1425
1423
1429
1424
1422
1427
1433
1431
1428
1432
1430
1426
1439
1440
1435
1438
1436
1442
1441
1443
1445
1447
1444
1449
1434
1446
1450
1454
1456
1455
1437
1457
1448
1452
1458
1460
1459
1453
1466
1463
1469
1451
1462
1467
1468
1465
1464
1470
1473
1461
1472
1474
1471
1478
1477
1475
1476
1481
1480
1479
1483
1482
1485
1491
1490
1492
1484
1493
1486
1498
1487
1499
1494
1489
1496
1495
1500
1501
1488
1503
1497
1507
1504
1506
1508
1505
1502
1509
1510
1515
1513
1514
1511
1517
1516
1520
1521
1518
1519
1523
1524
1525
1528
1522
1527
1526
1529
1512
1534
1537
1536
1538
1535
1531
1540
1530
1532
1533
1542
1539
1541
1544
1545
1543
1546
1548
1547
1549
1550
1552
1551
1558
1559
1554
1560
1561
1556
1553
1563
1557
1562
1564
1568
1566
1555
1565
1569
1567
1570
1571
1574
1575
1573
1572
1577
1583
1576
1582
1584
1585
1586
1588
1589
1590
1587
1578
1591
1594
1593
1581
1596
1595
1598
1597
1580
1592
1599
1601
1600
1579
1602
1603
1606
1605
1608
1604
1609
1607
1617
1615
1614
1616
1619
1620
1618
1621
1622
1612
1624
1623
1610
1625
1611
1629
1626
1627
1628
1630
1633
1632
1631
1638
1639
1613
1635
1641
1640
1636
1637
1642
1644
1646
1643
1634
1647
1650
1648
1651
1645
1649
1653
1652
1660
1654
1655
1662
1658
1659
1663
1665
1664
1657
1661
1670
1672
1671
1673
1656
1666
1669
1667
1668
1677
1676
1678
1674
1682
1679
1675
1680
1684
1681
1685
1683
1691
1692
1690
1693
1686
1694
1687
1688
1698
1689
1696
1700
1699
1706
1703
1701
1709
1707
1702
1697
1708
1705
1695
1716
1713
1714
1715
1717
1720
1718
1710
1719
1721
1712
1704
1711
1722
1723
1725
1728
1724
1729
1727
1734
1735
1726
1737
1731
1733
1732
1736
1730
1740
1742
1744
1746
1745
1739
1738
1750
1747
1752
1741
1751
1748
1753
1743
1749
1755
1756
1757
1763
1762
1764
1765
1754
1760
1766
1767
1759
1768
1769
1771
1772
1770
1773
1774
1775
1776
1761
1778
1777
1779
1780
1781
1784
1782
1783
1758
1785
1787
1786
1794
1791
1790
1788
1789
1795
1793
1792
1797
1796
1803
1804
1799
1802
1806
1805
1807
1808
1809
1800
1798
1801
1810
1813
1818
1815
1816
1817
1819
1812
1811
1820
1821
1822
1825
1814
1824
1823
1831
1833
1830
1832
1828
1834
1835
1826
1837
1827
1842
1843
1829
1844
1845
1836
1838
1847
1846
1841
1848
1840
1839
1849
1850
1852
1853
1851
1855
1858
1856
1854
1857
1860
1861
1862
1863
1866
1864
1859
1867
1865
1869
1868
1876
1875
1874
1877
1871
1879
1880
1878
1873
1870
1883
1882
1884
1872
1885
1881
1891
1890
1892
1895
1893
1894
1888
1896
1897
1887
1902
1886
1901
1889
1900
1903
1904
1905
1899
1907
1909
1910
1906
1908
1898
1911
1917
1913
1912
1915
1916
1914
1922
1923
1924
1926
1921
1918
1919
1928
1927
1925
1929
1934
1920
1935
1933
1938
1936
1930
1939
1941
1937
1940
1931
1942
1947
1946
1944
1932
1948
1949
1950
1951
1945
1953
1943
387
379
405
414
422
395
396
383
197
426
438
439
471
470
435
443
442
457
456
478
476
458
477
492
487
479
490
489
498
495
491
496
500
497
488
499
501
505
509
493
504
503
514
515
516
510
520
518
512
511
519
517
521
513
527
528
529
531
522
532
524
530
523
533
534
536
535
525
539
537
538
540
543
542
544
541
556
552
555
545
553
557
565
564
559
561
548
549
572
566
571
567
560
574
575
577
573
570
568
569
576
584
585
578
586
579
587
589
580
588
581
595
590
591
594
592
596
597
593
598
599
601
606
602
607
608
609
604
600
605
613
611
603
612
616
617
615
614
624
625
623
631
619
620
632
627
626
621
628
633
629
638
634
639
640
636
642
641
637
643
635
647
649
645
644
648
656
657
658
659
650
652
660
653
661
651
667
665
668
669
670
664
672
673
671
662
663
674
679
680
681
683
687
684
685
676
688
689
677
675
693
692
691
414
396
395
387
405
422
0
1
2
3
4
5
6
7
8
9
10
11
12
13
14
15
16
17
18
19
20
21
22
23
24
25
26
27
28
29
30
31
32
33
34
35
36
37
38
39
40
41
42
43
44
45
46
47
48
49
50
51
52
53
54
55
56
57
58
59
60
61
62
63
64
65
66
67
68
69
70
71
72
73
74
75
76
77
78
79
80
81
82
83
84
85
86
87
88
89
90
91
92
93
94
95
96
97
98
99
100
101
102
103
104
105
106
107
108
109
110
111
112
113
114
115
116
117
118
119
120
121
122
123
124
125
126
127
128
129
130
131
132
133
134
135
136
137
138
139
140
141
142
143
144
145
146
147
148
149
150
151
152
153
154
155
156
157
158
159
160
161
162
163
164
165
166
167
168
169
170
171
172
173
174
175
176
177
178
179
180
181
182
183
184
185
186
187
188
189
190
191
192
193
194
195
196
198
199
200
201
202
203
204
205
206
207
208
209
210
211
212
213
214
215
216
217
218
219
220
221
222
223
224
225
226
227
228
229
230
231
232
233
234
235
236
237
238
239
240
241
242
243
244
245
246
247
248
249
250
251
252
253
254
255
256
257
258
259
260
261
262
263
264
265
266
267
268
269
270
271
272
273
274
275
276
277
278
279
280
281
282
283
284
285
286
287
288
289
290
291
292
293
294
295
296
297
298
299
300
301
302
303
304
305
306
307
308
309
310
311
312
313
314
315
316
317
318
319
320
321
322
323
324
325
326
327
328
329
330
331
332
333
334
335
336
337
338
339
340
341
342
343
344
345
346
347
348
349
350
351
352
353
354
355
356
357
358
359
360
361
362
363
364
365
366
367
368
369
370
371
372
373
374
375
376
377
378
380
381
382
384
385
386
388
389
390
391
392
393
394
397
398
399
400
401
402
403
404
406
407
408
409
410
411
412
413
415
416
417
418
419
420
421
423
424
425
427
428
429
430
431
432
433
434
436
437
440
441
444
445
446
447
448
449
450
451
452
453
454
455
459
460
461
462
463
464
465
466
467
468
469
472
473
474
475
480
481
482
483
484
485
486
494
502
506
507
508
526
546
547
550
551
554
558
562
563
582
583
610
618
622
630
646
654
655
666
678
682
686
690
698
710
718
726
750
758
762
766
767
786
802
842
866
878
882
890
891
894
910
914
926
942
943
1074
1075
1078
1079
1080
1081
1082
1083
1084
1085
1086
1087
1088
1090
1091
1092
1093
1094
1095
1096
1097
1098
1099
1100
1101
1102
1104
1105
1106
1107
1108
1109
1110
1111
1112
1113
1114
1115
1116
1117
1118
1119
1122
1123
1124
1126
1954
1958
